mode: set
github.com/postech-soat2-grupo16/producao-api/api/index.go:16.25,21.2 3 1
github.com/postech-soat2-grupo16/producao-api/api/index.go:23.28,25.2 1 0
github.com/postech-soat2-grupo16/producao-api/api/index.go:27.56,34.2 4 1
github.com/postech-soat2-grupo16/producao-api/api/index.go:36.58,48.2 4 1
github.com/postech-soat2-grupo16/producao-api/api/index.go:50.55,51.71 1 1
github.com/postech-soat2-grupo16/producao-api/api/index.go:51.71,54.3 2 1
github.com/postech-soat2-grupo16/producao-api/controllers/producaopedido.go:18.114,20.50 2 1
github.com/postech-soat2-grupo16/producao-api/controllers/producaopedido.go:20.50,26.3 5 1
github.com/postech-soat2-grupo16/producao-api/controllers/producaopedido.go:27.2,27.20 1 1
github.com/postech-soat2-grupo16/producao-api/controllers/producaopedido.go:43.62,44.54 1 1
github.com/postech-soat2-grupo16/producao-api/controllers/producaopedido.go:44.54,47.40 3 1
github.com/postech-soat2-grupo16/producao-api/controllers/producaopedido.go:47.40,49.4 1 1
github.com/postech-soat2-grupo16/producao-api/controllers/producaopedido.go:49.9,51.4 1 1
github.com/postech-soat2-grupo16/producao-api/controllers/producaopedido.go:52.3,52.17 1 1
github.com/postech-soat2-grupo16/producao-api/controllers/producaopedido.go:52.17,53.31 1 1
github.com/postech-soat2-grupo16/producao-api/controllers/producaopedido.go:53.31,57.5 3 1
github.com/postech-soat2-grupo16/producao-api/controllers/producaopedido.go:58.4,58.62 1 1
github.com/postech-soat2-grupo16/producao-api/controllers/producaopedido.go:60.3,60.36 1 1
github.com/postech-soat2-grupo16/producao-api/controllers/producaopedido.go:74.63,75.54 1 1
github.com/postech-soat2-grupo16/producao-api/controllers/producaopedido.go:75.54,78.17 3 1
github.com/postech-soat2-grupo16/producao-api/controllers/producaopedido.go:78.17,80.4 1 1
github.com/postech-soat2-grupo16/producao-api/controllers/producaopedido.go:81.3,81.28 1 1
github.com/postech-soat2-grupo16/producao-api/controllers/producaopedido.go:81.28,84.4 2 1
github.com/postech-soat2-grupo16/producao-api/controllers/producaopedido.go:85.3,85.44 1 1
github.com/postech-soat2-grupo16/producao-api/controllers/producaopedido.go:99.62,100.54 1 1
github.com/postech-soat2-grupo16/producao-api/controllers/producaopedido.go:100.54,103.17 3 1
github.com/postech-soat2-grupo16/producao-api/controllers/producaopedido.go:103.17,106.4 2 1
github.com/postech-soat2-grupo16/producao-api/controllers/producaopedido.go:107.3,108.17 2 1
github.com/postech-soat2-grupo16/producao-api/controllers/producaopedido.go:108.17,109.31 1 1
github.com/postech-soat2-grupo16/producao-api/controllers/producaopedido.go:109.31,113.5 3 1
github.com/postech-soat2-grupo16/producao-api/controllers/producaopedido.go:114.4,115.10 2 1
github.com/postech-soat2-grupo16/producao-api/controllers/producaopedido.go:117.3,118.44 2 1
github.com/postech-soat2-grupo16/producao-api/controllers/producaopedido.go:134.62,135.54 1 1
github.com/postech-soat2-grupo16/producao-api/controllers/producaopedido.go:135.54,138.17 3 1
github.com/postech-soat2-grupo16/producao-api/controllers/producaopedido.go:138.17,141.4 2 1
github.com/postech-soat2-grupo16/producao-api/controllers/producaopedido.go:142.3,145.17 3 1
github.com/postech-soat2-grupo16/producao-api/controllers/producaopedido.go:145.17,146.31 1 1
github.com/postech-soat2-grupo16/producao-api/controllers/producaopedido.go:146.31,150.5 3 1
github.com/postech-soat2-grupo16/producao-api/controllers/producaopedido.go:151.4,152.10 2 0
github.com/postech-soat2-grupo16/producao-api/controllers/producaopedido.go:155.3,155.28 1 1
github.com/postech-soat2-grupo16/producao-api/controllers/producaopedido.go:155.28,158.4 2 0
github.com/postech-soat2-grupo16/producao-api/controllers/producaopedido.go:160.3,161.44 2 1
github.com/postech-soat2-grupo16/producao-api/controllers/producaopedido.go:175.62,176.54 1 1
github.com/postech-soat2-grupo16/producao-api/controllers/producaopedido.go:176.54,179.17 3 1
github.com/postech-soat2-grupo16/producao-api/controllers/producaopedido.go:179.17,182.4 2 1
github.com/postech-soat2-grupo16/producao-api/controllers/producaopedido.go:184.3,184.28 1 1
github.com/postech-soat2-grupo16/producao-api/controllers/producaopedido.go:184.28,187.4 2 1
github.com/postech-soat2-grupo16/producao-api/controllers/producaopedido.go:189.3,189.38 1 1
github.com/postech-soat2-grupo16/producao-api/entities/producaopedido.go:27.47,37.2 2 1
github.com/postech-soat2-grupo16/producao-api/entities/producaopedido.go:39.80,44.2 1 1
github.com/postech-soat2-grupo16/producao-api/external/orm.go:13.48,28.16 3 1
github.com/postech-soat2-grupo16/producao-api/external/orm.go:28.16,30.3 1 0
github.com/postech-soat2-grupo16/producao-api/external/orm.go:31.2,31.11 1 1
github.com/postech-soat2-grupo16/producao-api/external/pg.go:10.44,14.2 3 1
github.com/postech-soat2-grupo16/producao-api/external/sqs.go:11.30,12.37 1 0
github.com/postech-soat2-grupo16/producao-api/external/sqs.go:12.38,14.3 0 0
github.com/postech-soat2-grupo16/producao-api/external/sqs.go:16.2,24.18 5 0
github.com/postech-soat2-grupo16/producao-api/gateways/db/producaopedido/gateway.go:14.47,16.2 1 1
github.com/postech-soat2-grupo16/producao-api/gateways/db/producaopedido/gateway.go:18.88,20.25 2 1
github.com/postech-soat2-grupo16/producao-api/gateways/db/producaopedido/gateway.go:20.25,23.3 2 1
github.com/postech-soat2-grupo16/producao-api/gateways/db/producaopedido/gateway.go:25.2,25.19 1 1
github.com/postech-soat2-grupo16/producao-api/gateways/db/producaopedido/gateway.go:28.90,30.25 2 1
github.com/postech-soat2-grupo16/producao-api/gateways/db/producaopedido/gateway.go:30.25,33.3 2 0
github.com/postech-soat2-grupo16/producao-api/gateways/db/producaopedido/gateway.go:34.2,34.19 1 1
github.com/postech-soat2-grupo16/producao-api/gateways/db/producaopedido/gateway.go:37.49,42.25 3 1
github.com/postech-soat2-grupo16/producao-api/gateways/db/producaopedido/gateway.go:42.25,45.3 2 0
github.com/postech-soat2-grupo16/producao-api/gateways/db/producaopedido/gateway.go:47.2,47.12 1 1
github.com/postech-soat2-grupo16/producao-api/gateways/db/producaopedido/gateway.go:50.78,55.25 3 1
github.com/postech-soat2-grupo16/producao-api/gateways/db/producaopedido/gateway.go:55.25,57.3 1 1
github.com/postech-soat2-grupo16/producao-api/gateways/db/producaopedido/gateway.go:59.2,59.19 1 1
github.com/postech-soat2-grupo16/producao-api/gateways/db/producaopedido/gateway.go:62.81,68.25 4 1
github.com/postech-soat2-grupo16/producao-api/gateways/db/producaopedido/gateway.go:68.25,70.3 1 0
github.com/postech-soat2-grupo16/producao-api/gateways/db/producaopedido/gateway.go:72.2,72.29 1 1
github.com/postech-soat2-grupo16/producao-api/gateways/db/producaopedido/gateway.go:75.83,77.25 2 1
github.com/postech-soat2-grupo16/producao-api/gateways/db/producaopedido/gateway.go:77.25,80.3 2 0
github.com/postech-soat2-grupo16/producao-api/gateways/db/producaopedido/gateway.go:82.2,82.29 1 1
github.com/postech-soat2-grupo16/producao-api/interfaces/mocks/gateway.go:12.108,14.24 2 1
github.com/postech-soat2-grupo16/producao-api/interfaces/mocks/gateway.go:14.24,16.3 1 1
github.com/postech-soat2-grupo16/producao-api/interfaces/mocks/gateway.go:17.2,17.62 1 0
github.com/postech-soat2-grupo16/producao-api/interfaces/mocks/gateway.go:20.110,22.24 2 0
github.com/postech-soat2-grupo16/producao-api/interfaces/mocks/gateway.go:22.24,24.3 1 0
github.com/postech-soat2-grupo16/producao-api/interfaces/mocks/gateway.go:25.2,25.62 1 0
github.com/postech-soat2-grupo16/producao-api/interfaces/mocks/gateway.go:28.67,31.2 2 0
github.com/postech-soat2-grupo16/producao-api/interfaces/mocks/gateway.go:33.96,35.24 2 1
github.com/postech-soat2-grupo16/producao-api/interfaces/mocks/gateway.go:35.24,37.3 1 1
github.com/postech-soat2-grupo16/producao-api/interfaces/mocks/gateway.go:38.2,38.62 1 0
github.com/postech-soat2-grupo16/producao-api/interfaces/mocks/gateway.go:41.81,43.24 2 1
github.com/postech-soat2-grupo16/producao-api/interfaces/mocks/gateway.go:43.24,45.3 1 1
github.com/postech-soat2-grupo16/producao-api/interfaces/mocks/gateway.go:46.2,46.63 1 0
github.com/postech-soat2-grupo16/producao-api/interfaces/mocks/gateway.go:49.99,51.24 2 0
github.com/postech-soat2-grupo16/producao-api/interfaces/mocks/gateway.go:51.24,53.3 1 0
github.com/postech-soat2-grupo16/producao-api/interfaces/mocks/gateway.go:54.2,54.63 1 0
github.com/postech-soat2-grupo16/producao-api/interfaces/mocks/usecases.go:12.79,14.24 2 1
github.com/postech-soat2-grupo16/producao-api/interfaces/mocks/usecases.go:14.24,16.3 1 1
github.com/postech-soat2-grupo16/producao-api/interfaces/mocks/usecases.go:17.2,17.63 1 0
github.com/postech-soat2-grupo16/producao-api/interfaces/mocks/usecases.go:20.95,22.24 2 1
github.com/postech-soat2-grupo16/producao-api/interfaces/mocks/usecases.go:22.24,24.3 1 1
github.com/postech-soat2-grupo16/producao-api/interfaces/mocks/usecases.go:25.2,25.62 1 0
github.com/postech-soat2-grupo16/producao-api/interfaces/mocks/usecases.go:28.96,30.24 2 1
github.com/postech-soat2-grupo16/producao-api/interfaces/mocks/usecases.go:30.24,32.3 1 1
github.com/postech-soat2-grupo16/producao-api/interfaces/mocks/usecases.go:33.2,33.62 1 0
github.com/postech-soat2-grupo16/producao-api/interfaces/mocks/usecases.go:36.99,38.24 2 0
github.com/postech-soat2-grupo16/producao-api/interfaces/mocks/usecases.go:38.24,40.3 1 0
github.com/postech-soat2-grupo16/producao-api/interfaces/mocks/usecases.go:41.2,41.63 1 0
github.com/postech-soat2-grupo16/producao-api/interfaces/mocks/usecases.go:44.110,46.24 2 1
github.com/postech-soat2-grupo16/producao-api/interfaces/mocks/usecases.go:46.24,48.3 1 1
github.com/postech-soat2-grupo16/producao-api/interfaces/mocks/usecases.go:49.2,49.62 1 0
github.com/postech-soat2-grupo16/producao-api/interfaces/mocks/usecases.go:52.95,54.24 2 1
github.com/postech-soat2-grupo16/producao-api/interfaces/mocks/usecases.go:54.24,56.3 1 1
github.com/postech-soat2-grupo16/producao-api/interfaces/mocks/usecases.go:57.2,57.62 1 0
github.com/postech-soat2-grupo16/producao-api/tests/tutils/tutils.go:18.53,21.35 3 1
github.com/postech-soat2-grupo16/producao-api/tests/tutils/tutils.go:21.35,24.17 3 1
github.com/postech-soat2-grupo16/producao-api/tests/tutils/tutils.go:24.17,25.14 1 0
github.com/postech-soat2-grupo16/producao-api/tests/tutils/tutils.go:27.3,31.17 4 1
github.com/postech-soat2-grupo16/producao-api/tests/tutils/tutils.go:31.17,33.4 1 0
github.com/postech-soat2-grupo16/producao-api/tests/tutils/tutils.go:35.2,35.16 1 1
github.com/postech-soat2-grupo16/producao-api/tests/tutils/tutils.go:35.16,36.13 1 0
github.com/postech-soat2-grupo16/producao-api/tests/tutils/tutils.go:38.2,38.13 1 1
github.com/postech-soat2-grupo16/producao-api/tests/tutils/tutils.go:41.45,43.16 2 1
github.com/postech-soat2-grupo16/producao-api/tests/tutils/tutils.go:43.16,45.3 1 0
github.com/postech-soat2-grupo16/producao-api/tests/tutils/tutils.go:46.2,47.22 2 1
github.com/postech-soat2-grupo16/producao-api/tests/tutils/tutils.go:50.62,52.47 2 1
github.com/postech-soat2-grupo16/producao-api/tests/tutils/tutils.go:52.47,54.3 1 0
github.com/postech-soat2-grupo16/producao-api/tests/tutils/tutils.go:57.36,59.16 2 1
github.com/postech-soat2-grupo16/producao-api/tests/tutils/tutils.go:59.16,61.3 1 0
github.com/postech-soat2-grupo16/producao-api/tests/tutils/tutils.go:62.2,63.12 2 1
github.com/postech-soat2-grupo16/producao-api/usecases/producaopedido/producaopedido.go:19.82,23.2 1 1
github.com/postech-soat2-grupo16/producao-api/usecases/producaopedido/producaopedido.go:25.60,27.16 2 1
github.com/postech-soat2-grupo16/producao-api/usecases/producaopedido/producaopedido.go:27.16,30.3 2 1
github.com/postech-soat2-grupo16/producao-api/usecases/producaopedido/producaopedido.go:32.2,32.21 1 1
github.com/postech-soat2-grupo16/producao-api/usecases/producaopedido/producaopedido.go:35.77,37.16 2 1
github.com/postech-soat2-grupo16/producao-api/usecases/producaopedido/producaopedido.go:37.16,38.45 1 1
github.com/postech-soat2-grupo16/producao-api/usecases/producaopedido/producaopedido.go:38.45,40.4 1 1
github.com/postech-soat2-grupo16/producao-api/usecases/producaopedido/producaopedido.go:41.3,42.18 2 1
github.com/postech-soat2-grupo16/producao-api/usecases/producaopedido/producaopedido.go:45.2,45.20 1 1
github.com/postech-soat2-grupo16/producao-api/usecases/producaopedido/producaopedido.go:48.80,53.29 2 1
github.com/postech-soat2-grupo16/producao-api/usecases/producaopedido/producaopedido.go:53.29,55.3 1 1
github.com/postech-soat2-grupo16/producao-api/usecases/producaopedido/producaopedido.go:57.2,58.16 2 1
github.com/postech-soat2-grupo16/producao-api/usecases/producaopedido/producaopedido.go:58.16,59.45 1 0
github.com/postech-soat2-grupo16/producao-api/usecases/producaopedido/producaopedido.go:59.45,61.4 1 0
github.com/postech-soat2-grupo16/producao-api/usecases/producaopedido/producaopedido.go:62.3,63.18 2 0
github.com/postech-soat2-grupo16/producao-api/usecases/producaopedido/producaopedido.go:66.2,66.20 1 1
github.com/postech-soat2-grupo16/producao-api/usecases/producaopedido/producaopedido.go:69.76,75.29 2 1
github.com/postech-soat2-grupo16/producao-api/usecases/producaopedido/producaopedido.go:75.29,77.3 1 0
github.com/postech-soat2-grupo16/producao-api/usecases/producaopedido/producaopedido.go:79.2,80.16 2 1
github.com/postech-soat2-grupo16/producao-api/usecases/producaopedido/producaopedido.go:80.16,83.3 2 1
github.com/postech-soat2-grupo16/producao-api/usecases/producaopedido/producaopedido.go:84.2,84.20 1 1
github.com/postech-soat2-grupo16/producao-api/usecases/producaopedido/producaopedido.go:87.91,89.16 2 1
github.com/postech-soat2-grupo16/producao-api/usecases/producaopedido/producaopedido.go:89.16,90.45 1 1
github.com/postech-soat2-grupo16/producao-api/usecases/producaopedido/producaopedido.go:90.45,92.4 1 0
github.com/postech-soat2-grupo16/producao-api/usecases/producaopedido/producaopedido.go:93.3,94.18 2 1
github.com/postech-soat2-grupo16/producao-api/usecases/producaopedido/producaopedido.go:97.2,99.34 2 1
github.com/postech-soat2-grupo16/producao-api/usecases/producaopedido/producaopedido.go:99.34,101.3 1 1
github.com/postech-soat2-grupo16/producao-api/usecases/producaopedido/producaopedido.go:103.2,104.16 2 1
github.com/postech-soat2-grupo16/producao-api/usecases/producaopedido/producaopedido.go:104.16,107.3 2 0
github.com/postech-soat2-grupo16/producao-api/usecases/producaopedido/producaopedido.go:108.2,108.20 1 1
github.com/postech-soat2-grupo16/producao-api/usecases/producaopedido/producaopedido.go:111.76,113.16 2 1
github.com/postech-soat2-grupo16/producao-api/usecases/producaopedido/producaopedido.go:113.16,114.45 1 1
github.com/postech-soat2-grupo16/producao-api/usecases/producaopedido/producaopedido.go:114.45,116.4 1 1
github.com/postech-soat2-grupo16/producao-api/usecases/producaopedido/producaopedido.go:117.3,118.18 2 1
github.com/postech-soat2-grupo16/producao-api/usecases/producaopedido/producaopedido.go:121.2,122.16 2 1
github.com/postech-soat2-grupo16/producao-api/usecases/producaopedido/producaopedido.go:122.16,125.3 2 0
github.com/postech-soat2-grupo16/producao-api/usecases/producaopedido/producaopedido.go:127.2,127.20 1 1
github.com/postech-soat2-grupo16/producao-api/util/error.go:10.37,12.2 1 1
github.com/postech-soat2-grupo16/producao-api/util/error.go:14.48,19.2 1 1
github.com/postech-soat2-grupo16/producao-api/util/error.go:21.34,24.2 2 1
